Starting Netty FIX Client...
Host: localhost
Port: 9879
Sender Comp ID: CLIENT1
Target Comp ID: SERVER1

15:36:50.025 [main] DEBUG io.netty.util.internal.logging.InternalLoggerFactory - Using SLF4J as the default logging framework
15:36:50.031 [main] DEBUG io.netty.channel.MultithreadEventLoopGroup - -Dio.netty.eventLoopThreads: 8
15:36:50.050 [main] DEBUG io.netty.util.concurrent.GlobalEventExecutor - -Dio.netty.globalEventExecutor.quietPeriodSeconds: 1
15:36:50.062 [main] DEBUG io.netty.util.internal.InternalThreadLocalMap - -Dio.netty.threadLocalMap.stringBuilder.initialSize: 1024
15:36:50.062 [main] DEBUG io.netty.util.internal.InternalThreadLocalMap - -Dio.netty.threadLocalMap.stringBuilder.maxSize: 4096
15:36:50.100 [main] DEBUG io.netty.util.internal.PlatformDependent0 - -Dio.netty.noUnsafe: false
15:36:50.101 [main] DEBUG io.netty.util.internal.PlatformDependent0 - Java version: 8
15:36:50.102 [main] DEBUG io.netty.util.internal.PlatformDependent0 - sun.misc.Unsafe.theUnsafe: available
15:36:50.103 [main] DEBUG io.netty.util.internal.PlatformDependent0 - sun.misc.Unsafe.copyMemory: available
15:36:50.106 [main] DEBUG io.netty.util.internal.PlatformDependent0 - sun.misc.Unsafe.storeFence: available
15:36:50.108 [main] DEBUG io.netty.util.internal.PlatformDependent0 - java.nio.Buffer.address: available
15:36:50.109 [main] DEBUG io.netty.util.internal.PlatformDependent0 - direct buffer constructor: available
15:36:50.110 [main] DEBUG io.netty.util.internal.PlatformDependent0 - java.nio.Bits.unaligned: available, true
15:36:50.110 [main] DEBUG io.netty.util.internal.PlatformDependent0 - jdk.internal.misc.Unsafe.allocateUninitializedArray(int): unavailable prior to Java9
15:36:50.110 [main] DEBUG io.netty.util.internal.PlatformDependent0 - java.nio.DirectByteBuffer.<init>(long, {int,long}): available
15:36:50.110 [main] DEBUG io.netty.util.internal.PlatformDependent - sun.misc.Unsafe: available
15:36:50.110 [main] DEBUG io.netty.util.internal.PlatformDependent - -Dio.netty.tmpdir: /var/folders/kx/k2t93tts183_9xgd49x3xry00000gn/T (java.io.tmpdir)
15:36:50.110 [main] DEBUG io.netty.util.internal.PlatformDependent - -Dio.netty.bitMode: 64 (sun.arch.data.model)
15:36:50.112 [main] DEBUG io.netty.util.internal.PlatformDependent - Platform: MacOS
15:36:50.113 [main] DEBUG io.netty.util.internal.PlatformDependent - -Dio.netty.maxDirectMemory: 1908932608 bytes
15:36:50.113 [main] DEBUG io.netty.util.internal.PlatformDependent - -Dio.netty.uninitializedArrayAllocationThreshold: -1
15:36:50.114 [main] DEBUG io.netty.util.internal.CleanerJava6 - java.nio.ByteBuffer.cleaner(): available
15:36:50.114 [main] DEBUG io.netty.util.internal.PlatformDependent - -Dio.netty.noPreferDirect: false
15:36:50.115 [main] DEBUG io.netty.channel.nio.NioEventLoop - -Dio.netty.noKeySetOptimization: false
15:36:50.115 [main] DEBUG io.netty.channel.nio.NioEventLoop - -Dio.netty.selectorAutoRebuildThreshold: 512
15:36:50.124 [main] DEBUG io.netty.util.internal.PlatformDependent - org.jctools-core.MpscChunkedArrayQueue: available
15:36:50.309 [main] DEBUG io.netty.channel.DefaultChannelId - -Dio.netty.processId: 25071 (auto-detected)
15:36:50.312 [main] DEBUG io.netty.util.NetUtil - -Djava.net.preferIPv4Stack: false
15:36:50.312 [main] DEBUG io.netty.util.NetUtil - -Djava.net.preferIPv6Addresses: false
15:36:50.321 [main] DEBUG io.netty.util.NetUtilInitializations - Loopback interface: lo0 (lo0, 0:0:0:0:0:0:0:1%lo0)
15:36:50.321 [main] DEBUG io.netty.util.NetUtil - Failed to get SOMAXCONN from sysctl and file /proc/sys/net/core/somaxconn. Default: 128
15:36:50.325 [main] DEBUG io.netty.channel.DefaultChannelId - -Dio.netty.machineId: 8c:85:90:ff:fe:ba:1e:58 (auto-detected)
15:36:50.338 [main] DEBUG io.netty.util.ResourceLeakDetector - -Dio.netty.leakDetection.level: simple
15:36:50.338 [main] DEBUG io.netty.util.ResourceLeakDetector - -Dio.netty.leakDetection.targetRecords: 4
15:36:50.373 [main] DEBUG io.netty.buffer.PooledByteBufAllocator - -Dio.netty.allocator.numHeapArenas: 8
15:36:50.373 [main] DEBUG io.netty.buffer.PooledByteBufAllocator - -Dio.netty.allocator.numDirectArenas: 8
15:36:50.373 [main] DEBUG io.netty.buffer.PooledByteBufAllocator - -Dio.netty.allocator.pageSize: 8192
15:36:50.373 [main] DEBUG io.netty.buffer.PooledByteBufAllocator - -Dio.netty.allocator.maxOrder: 9
15:36:50.373 [main] DEBUG io.netty.buffer.PooledByteBufAllocator - -Dio.netty.allocator.chunkSize: 4194304
15:36:50.373 [main] DEBUG io.netty.buffer.PooledByteBufAllocator - -Dio.netty.allocator.smallCacheSize: 256
15:36:50.373 [main] DEBUG io.netty.buffer.PooledByteBufAllocator - -Dio.netty.allocator.normalCacheSize: 64
15:36:50.373 [main] DEBUG io.netty.buffer.PooledByteBufAllocator - -Dio.netty.allocator.maxCachedBufferCapacity: 32768
15:36:50.373 [main] DEBUG io.netty.buffer.PooledByteBufAllocator - -Dio.netty.allocator.cacheTrimInterval: 8192
15:36:50.374 [main] DEBUG io.netty.buffer.PooledByteBufAllocator - -Dio.netty.allocator.cacheTrimIntervalMillis: 0
15:36:50.374 [main] DEBUG io.netty.buffer.PooledByteBufAllocator - -Dio.netty.allocator.useCacheForAllThreads: false
15:36:50.374 [main] DEBUG io.netty.buffer.PooledByteBufAllocator - -Dio.netty.allocator.maxCachedByteBuffersPerChunk: 1023
15:36:50.385 [main] DEBUG io.netty.buffer.ByteBufUtil - -Dio.netty.allocator.type: pooled
15:36:50.385 [main] DEBUG io.netty.buffer.ByteBufUtil - -Dio.netty.threadLocalDirectBufferSize: 0
15:36:50.385 [main] DEBUG io.netty.buffer.ByteBufUtil - -Dio.netty.maxThreadLocalCharBufferSize: 16384
15:36:50.450 [main] DEBUG io.netty.bootstrap.ChannelInitializerExtensions - -Dio.netty.bootstrap.extensions: null
15:36:50.489 [main] INFO com.fixserver.netty.NettyFIXClientExample - Connected to Netty FIX server at localhost:9879
15:36:50.489 [nioEventLoopGroup-2-1] INFO com.fixserver.netty.NettyFIXClientHandler - Connected to server: localhost/127.0.0.1:9879
15:36:50.512 [main] DEBUG io.netty.util.Recycler - -Dio.netty.recycler.maxCapacityPerThread: 4096
15:36:50.512 [main] DEBUG io.netty.util.Recycler - -Dio.netty.recycler.ratio: 8
15:36:50.512 [main] DEBUG io.netty.util.Recycler - -Dio.netty.recycler.chunkSize: 32
15:36:50.512 [main] DEBUG io.netty.util.Recycler - -Dio.netty.recycler.blocking: false
15:36:50.512 [main] DEBUG io.netty.util.Recycler - -Dio.netty.recycler.batchFastThreadLocalOnly: true
15:36:50.515 [main] INFO com.fixserver.netty.NettyFIXClientExample - Sent logon message: 8=FIX.4.4|9=71|34=1|35=A|49=CLIENT1|52=2025-09-25T15:36:50.506|56=SERVER1|98=0|108=30|10=127|
15:36:50.526 [nioEventLoopGroup-2-1] DEBUG io.netty.buffer.AbstractByteBuf - -Dio.netty.buffer.checkAccessible: true
15:36:50.526 [nioEventLoopGroup-2-1] DEBUG io.netty.buffer.AbstractByteBuf - -Dio.netty.buffer.checkBounds: true
15:36:50.527 [nioEventLoopGroup-2-1] DEBUG io.netty.util.ResourceLeakDetectorFactory - Loaded default ResourceLeakDetector: io.netty.util.ResourceLeakDetector@52cd2d53
15:36:50.532 [nioEventLoopGroup-2-1] DEBUG com.fixserver.netty.FIXMessageEncoder - Encoded FIX message: 8=FIX.4.4|9=71|34=1|35=A|49=CLIENT1|52=2025-09-25T15:36:50.506|56=SERVER1|98=0|108=30|10=127| (93 bytes)
15:36:50.946 [nioEventLoopGroup-2-1] DEBUG com.fixserver.netty.FIXMessageDecoder - Decoded FIX message: 8=FIX.4.4|9=71|34=1|35=A|49=SERVER1|52=2025-09-25T15:36:50.932|56=CLIENT1|98=0|108=30|10=130|
15:36:50.946 [nioEventLoopGroup-2-1] DEBUG com.fixserver.netty.NettyFIXClientHandler - Received raw message: 8=FIX.4.4|9=71|34=1|35=A|49=SERVER1|52=2025-09-25T15:36:50.932|56=CLIENT1|98=0|108=30|10=130|
15:36:50.946 [nioEventLoopGroup-2-1] DEBUG com.fixserver.protocol.FIXProtocolHandler - Parsing FIX message: 8=FIX.4.4|9=71|34=1|35=A|49=SERVER1|52=2025-09-25T15:36:50.932|56=CLIENT1|98=0|108=30|10=130|
15:36:50.947 [nioEventLoopGroup-2-1] DEBUG com.fixserver.protocol.FIXProtocolHandler - Successfully parsed message: FIXMessage{type=A, sender=SERVER1, target=CLIENT1, seqNum=1}
15:36:50.947 [nioEventLoopGroup-2-1] INFO com.fixserver.netty.NettyFIXClientHandler - Received FIX message: Type=A, Sender=SERVER1, Target=CLIENT1
15:36:50.947 [nioEventLoopGroup-2-1] INFO com.fixserver.netty.NettyFIXClientHandler - Received logon response from server
15:36:50.947 [main] INFO com.fixserver.netty.NettyFIXClientExample - Logged on successfully

=== Netty FIX Client Interactive Session ===
Commands:
  market <symbol> <buy|sell> <quantity> - Send market order
  limit <symbol> <buy|sell> <quantity> <price> - Send limit order
  heartbeat - Send heartbeat
  quit - Exit

netty-fix> 