15:39:27.793 [main] INFO com.fixserver.client.FIXClientExample - Starting FIX Client Example
15:39:27.796 [main] INFO com.fixserver.client.FIXClientExample - Connecting to localhost:9878 as CLIENT1 -> SERVER1
15:39:27.868 [FIXClient-CLIENT1] INFO com.fixserver.client.FIXClientImpl - Connecting to FIX server at localhost:9878
15:39:27.885 [FIXClient-CLIENT1] INFO com.fixserver.client.FIXClientImpl - Connected to FIX server, starting message reader
15:39:27.886 [FIXClient-CLIENT1] INFO com.fixserver.client.FIXClientExample - Connected to FIX server
15:39:27.886 [FIXClient-CLIENT1] INFO com.fixserver.client.FIXClientImpl - Sending logon message
15:39:27.886 [FIXClient-CLIENT1] INFO com.fixserver.client.FIXClientImpl - Starting message reader loop
15:39:27.912 [FIXClient-CLIENT1] DEBUG com.fixserver.client.FIXClientImpl - Sending FIX message: 8=FIX.4.4|9=71|34=1|35=A|49=CLIENT1|52=2025-09-25T15:39:27.908|56=SERVER1|98=0|108=30|10=140|
15:39:27.989 [FIXClient-CLIENT1] DEBUG com.fixserver.client.FIXClientImpl - Received FIX message: 8=FIX.4.4|9=71|34=1|35=A|49=SERVER1|52=2025-09-25T15:39:27.986|56=CLIENT1|98=0|108=30|10=146|
15:39:27.989 [FIXClient-CLIENT1] DEBUG com.fixserver.protocol.FIXProtocolHandler - Parsing FIX message: 8=FIX.4.4|9=71|34=1|35=A|49=SERVER1|52=2025-09-25T15:39:27.986|56=CLIENT1|98=0|108=30|10=146|
15:39:27.990 [FIXClient-CLIENT1] DEBUG com.fixserver.protocol.FIXProtocolHandler - Successfully parsed message: FIXMessage{type=A, sender=SERVER1, target=CLIENT1, seqNum=1}
15:39:27.990 [FIXClient-CLIENT1] INFO com.fixserver.client.FIXClientImpl - Received logon response
15:39:27.991 [FIXClient-CLIENT1] INFO com.fixserver.client.FIXClientExample - Logged on to FIX server - ready to send messages

=== FIX Client Interactive Session ===
Commands:
  market <symbol> <buy|sell> <quantity> - Send market order
  limit <symbol> <buy|sell> <quantity> <price> - Send limit order
  cancel <clientOrderId> <symbol> <buy|sell> - Cancel order
  status <clientOrderId> <symbol> <buy|sell> - Get order status
  quit - Exit

fix> 