2025-09-25 08:45:49 [main] INFO  com.fixserver.FIXServerApplication - Starting FIXServerApplication using Java 1.8.0_221 on QTdeMacBook-Pro.local with PID 11948 (/Users/qt/workspace/fix-server/target/classes started by qt in /Users/qt/workspace/fix-server)
2025-09-25 08:45:49 [main] INFO  com.fixserver.FIXServerApplication - No active profile set, falling back to 1 default profile: "default"
2025-09-25 08:45:50 [main] INFO  o.s.b.w.e.tomcat.TomcatWebServer - Tomcat initialized with port(s): 8080 (http)
2025-09-25 08:45:50 [main] INFO  o.a.catalina.core.StandardService - Starting service [Tomcat]
2025-09-25 08:45:50 [main] INFO  o.a.catalina.core.StandardEngine - Starting Servlet engine: [Apache Tomcat/9.0.83]
2025-09-25 08:45:51 [main] INFO  o.a.c.c.C.[Tomcat].[localhost].[/] - Initializing Spring embedded WebApplicationContext
2025-09-25 08:45:51 [main] INFO  o.s.b.w.s.c.ServletWebServerApplicationContext - Root WebApplicationContext: initialization completed in 1744 ms
2025-09-25 08:45:51 [main] INFO  c.f.config.MessageStoreConfiguration - Creating InMemoryMessageStore - database persistence is disabled
2025-09-25 08:45:51 [main] WARN  c.f.config.MessageStoreConfiguration - Using in-memory storage: all messages will be lost on application restart
2025-09-25 08:45:51 [main] INFO  c.f.config.MessageStoreConfiguration - To enable database persistence, uncomment database dependencies in pom.xml and application.yml
2025-09-25 08:45:52 [main] INFO  o.s.b.a.e.web.EndpointLinksResolver - Exposing 4 endpoint(s) beneath base path '/actuator'
2025-09-25 08:45:52 [main] INFO  o.s.b.w.e.tomcat.TomcatWebServer - Tomcat started on port(s): 8080 (http) with context path ''
2025-09-25 08:45:52 [main] INFO  com.fixserver.FIXServerApplication - Started FIXServerApplication in 4.622 seconds (JVM running for 5.165)
2025-09-25 08:45:52 [main] INFO  com.fixserver.FIXServerApplication - === FIX Server Application Started Successfully ===
2025-09-25 08:45:52 [main] INFO  com.fixserver.FIXServerApplication - Server is ready to accept FIX connections
2025-09-25 08:45:52 [main] INFO  com.fixserver.FIXServerApplication - Monitoring endpoints available at /actuator/health
2025-09-25 08:45:52 [main] INFO  com.fixserver.FIXServerApplication - Metrics available at /actuator/prometheus
2025-09-25 08:45:52 [main] INFO  com.fixserver.FIXServerApplication - Application version: null
2025-09-25 08:45:52 [main] INFO  com.fixserver.FIXServerApplication - Configuration Summary:
2025-09-25 08:45:52 [main] INFO  com.fixserver.FIXServerApplication - - Max concurrent sessions: configurable via fix.server.max-sessions
2025-09-25 08:45:52 [main] INFO  com.fixserver.FIXServerApplication - - TLS enabled: configurable via fix.server.tls.enabled
2025-09-25 08:45:52 [main] INFO  com.fixserver.FIXServerApplication - - Database: PostgreSQL with connection pooling
2025-09-25 08:45:52 [main] INFO  com.fixserver.FIXServerApplication - - Monitoring: Prometheus metrics enabled
2025-09-25 08:45:52 [main] INFO  com.fixserver.FIXServerApplication - For detailed configuration, check application.yml
2025-09-25 08:45:53 [main] INFO  c.fixserver.server.FIXProtocolServer - FIX Protocol Server started on port 9878
2025-09-25 08:45:53 [main] INFO  c.fixserver.server.FIXProtocolServer - Waiting for FIX client connections...
